# JRE version: OpenJDK Runtime Environment (11.0.15) (build 11.0.15+0-b2043.56-8887301)
# Java VM: OpenJDK 64-Bit Server VM (11.0.15+0-b2043.56-8887301, mixed mode, tiered, compressed oops, g1 gc, windows-amd64)
Heap:
 garbage-first heap   total 260096K, used 148321K [0x0000000080000000, 0x0000000100000000)
  region size 1024K, 14 young (14336K), 8 survivors (8192K)
 Metaspace       used 145312K, capacity 149392K, committed 156464K, reserved 1183744K
  class space    used 17760K, capacity 19217K, committed 21888K, reserved 1048576K
GC Heap History (20 events):
Event: 3730.391 GC heap before
{Heap before GC invocations=60 (full 0):
 garbage-first heap   total 260096K, used 130750K [0x0000000080000000, 0x0000000100000000)
  region size 1024K, 6 young (6144K), 2 survivors (2048K)
 Metaspace       used 140955K, capacity 144747K, committed 152624K, reserved 1179648K
  class space    used 17373K, capacity 18764K, committed 21632K, reserved 1048576K
}
Event: 3730.395 GC heap after
{Heap after GC invocations=61 (full 0):
 garbage-first heap   total 260096K, used 128579K [0x0000000080000000, 0x0000000100000000)
  region size 1024K, 3 young (3072K), 3 survivors (3072K)
 Metaspace       used 140955K, capacity 144747K, committed 152624K, reserved 1179648K
  class space    used 17373K, capacity 18764K, committed 21632K, reserved 1048576K
}
Event: 3733.323 GC heap before
{Heap before GC invocations=62 (full 0):
 garbage-first heap   total 260096K, used 196163K [0x0000000080000000, 0x0000000100000000)
  region size 1024K, 67 young (68608K), 3 survivors (3072K)
 Metaspace       used 144225K, capacity 148089K, committed 155824K, reserved 1183744K
  class space    used 17607K, capacity 19020K, committed 21760K, reserved 1048576K
}
Event: 3733.327 GC heap after
{Heap after GC invocations=63 (full 0):
 garbage-first heap   total 260096K, used 133955K [0x0000000080000000, 0x0000000100000000)
  region size 1024K, 6 young (6144K), 6 survivors (6144K)
 Metaspace       used 144225K, capacity 148089K, committed 155824K, reserved 1183744K
  class space    used 17607K, capacity 19020K, committed 21760K, reserved 1048576K
}
Event: 3733.428 GC heap before
{Heap before GC invocations=63 (full 0):
 garbage-first heap   total 260096K, used 139075K [0x0000000080000000, 0x0000000100000000)
  region size 1024K, 12 young (12288K), 6 survivors (6144K)
 Metaspace       used 144551K, capacity 148478K, committed 156208K, reserved 1183744K
  class space    used 17651K, capacity 19107K, committed 21888K, reserved 1048576K
}
Event: 3733.433 GC heap after
{Heap after GC invocations=64 (full 0):
 garbage-first heap   total 260096K, used 133936K [0x0000000080000000, 0x0000000100000000)
  region size 1024K, 2 young (2048K), 2 survivors (2048K)
 Metaspace       used 144551K, capacity 148478K, committed 156208K, reserved 1183744K
  class space    used 17651K, capacity 19107K, committed 21888K, reserved 1048576K
}
Event: 3733.461 GC heap before
{Heap before GC invocations=64 (full 0):
 garbage-first heap   total 260096K, used 134960K [0x0000000080000000, 0x0000000100000000)
  region size 1024K, 4 young (4096K), 2 survivors (2048K)
 Metaspace       used 144733K, capacity 148710K, committed 156464K, reserved 1183744K
  class space    used 17666K, capacity 19119K, committed 21888K, reserved 1048576K
}
Event: 3733.466 GC heap after
{Heap after GC invocations=65 (full 0):
 garbage-first heap   total 260096K, used 134189K [0x0000000080000000, 0x0000000100000000)
  region size 1024K, 2 young (2048K), 2 survivors (2048K)
 Metaspace       used 144733K, capacity 148710K, committed 156464K, reserved 1183744K
  class space    used 17666K, capacity 19119K, committed 21888K, reserved 1048576K
}
Event: 3734.063 GC heap before
{Heap before GC invocations=66 (full 0):
 garbage-first heap   total 260096K, used 202797K [0x0000000080000000, 0x0000000100000000)
  region size 1024K, 65 young (66560K), 2 survivors (2048K)
 Metaspace       used 144001K, capacity 148007K, committed 156464K, reserved 1183744K
  class space    used 17670K, capacity 19128K, committed 21888K, reserved 1048576K
}
Event: 3734.069 GC heap after
{Heap after GC invocations=67 (full 0):
 garbage-first heap   total 260096K, used 142016K [0x0000000080000000, 0x0000000100000000)
  region size 1024K, 8 young (8192K), 8 survivors (8192K)
 Metaspace       used 144001K, capacity 148007K, committed 156464K, reserved 1183744K
  class space    used 17670K, capacity 19128K, committed 21888K, reserved 1048576K
}
Event: 3734.076 GC heap before
{Heap before GC invocations=67 (full 0):
 garbage-first heap   total 260096K, used 145088K [0x0000000080000000, 0x0000000100000000)
  region size 1024K, 12 young (12288K), 8 survivors (8192K)
 Metaspace       used 144021K, capacity 148007K, committed 156464K, reserved 1183744K
  class space    used 17670K, capacity 19128K, committed 21888K, reserved 1048576K
}
Event: 3734.087 GC heap after
{Heap after GC invocations=68 (full 0):
 garbage-first heap   total 260096K, used 133228K [0x0000000080000000, 0x0000000100000000)
  region size 1024K, 2 young (2048K), 2 survivors (2048K)
 Metaspace       used 144021K, capacity 148007K, committed 156464K, reserved 1183744K
  class space    used 17670K, capacity 19128K, committed 21888K, reserved 1048576K
}
Event: 3734.311 GC heap before
{Heap before GC invocations=68 (full 0):
 garbage-first heap   total 260096K, used 190572K [0x0000000080000000, 0x0000000100000000)
  region size 1024K, 60 young (61440K), 2 survivors (2048K)
 Metaspace       used 144496K, capacity 148522K, committed 156464K, reserved 1183744K
  class space    used 17705K, capacity 19169K, committed 21888K, reserved 1048576K
}
Event: 3734.316 GC heap after
{Heap after GC invocations=69 (full 0):
 garbage-first heap   total 260096K, used 137245K [0x0000000080000000, 0x0000000100000000)
  region size 1024K, 6 young (6144K), 6 survivors (6144K)
 Metaspace       used 144496K, capacity 148522K, committed 156464K, reserved 1183744K
  class space    used 17705K, capacity 19169K, committed 21888K, reserved 1048576K
}
Event: 3867.076 GC heap before
{Heap before GC invocations=70 (full 0):
 garbage-first heap   total 260096K, used 230429K [0x0000000080000000, 0x0000000100000000)
  region size 1024K, 71 young (72704K), 6 survivors (6144K)
 Metaspace       used 144982K, capacity 149026K, committed 156464K, reserved 1183744K
  class space    used 17741K, capacity 19196K, committed 21888K, reserved 1048576K
}
Event: 3867.079 GC heap after
{Heap after GC invocations=71 (full 0):
 garbage-first heap   total 260096K, used 137205K [0x0000000080000000, 0x0000000100000000)
  region size 1024K, 3 young (3072K), 3 survivors (3072K)
 Metaspace       used 144982K, capacity 149026K, committed 156464K, reserved 1183744K
  class space    used 17741K, capacity 19196K, committed 21888K, reserved 1048576K
}
Event: 3867.106 GC heap before
{Heap before GC invocations=71 (full 0):
 garbage-first heap   total 260096K, used 145397K [0x0000000080000000, 0x0000000100000000)
  region size 1024K, 12 young (12288K), 3 survivors (3072K)
 Metaspace       used 144991K, capacity 149034K, committed 156464K, reserved 1183744K
  class space    used 17741K, capacity 19197K, committed 21888K, reserved 1048576K
}
Event: 3867.111 GC heap after
{Heap after GC invocations=72 (full 0):
 garbage-first heap   total 260096K, used 135747K [0x0000000080000000, 0x0000000100000000)
  region size 1024K, 1 young (1024K), 1 survivors (1024K)
 Metaspace       used 144991K, capacity 149034K, committed 156464K, reserved 1183744K
  class space    used 17741K, capacity 19197K, committed 21888K, reserved 1048576K
}
Event: 3877.052 GC heap before
{Heap before GC invocations=72 (full 0):
 garbage-first heap   total 260096K, used 206403K [0x0000000080000000, 0x0000000100000000)
  region size 1024K, 70 young (71680K), 1 survivors (1024K)
 Metaspace       used 145234K, capacity 149258K, committed 156464K, reserved 1183744K
  class space    used 17754K, capacity 19216K, committed 21888K, reserved 1048576K
}
Event: 3877.065 GC heap after
{Heap after GC invocations=73 (full 0):
 garbage-first heap   total 260096K, used 143201K [0x0000000080000000, 0x0000000100000000)
  region size 1024K, 8 young (8192K), 8 survivors (8192K)
 Metaspace       used 145234K, capacity 149258K, committed 156464K, reserved 1183744K
  class space    used 17754K, capacity 19216K, committed 21888K, reserved 1048576K
}

